<?xml version="1.0" encoding="UTF-8"?>
<!-- Generated by org.testng.reporters.JUnitReportReporter -->
<testsuite skipped="0" hostname="DESKTOP-D6E6O6F" name="jira.create.Create_issue" tests="2" failures="0" timestamp="2020-10-02T12:00:07 EET" time="30.073" errors="0">
  <testcase name="create_issue" time="12.637" classname="jira.create.Create_issue"/>
  <system-out/>
  <testcase name="view_issue" time="17.436" classname="jira.create.Create_issue"/>
  <system-out/>
</testsuite> <!-- jira.create.Create_issue -->
