<?xml version="1.0" encoding="UTF-8"?>
<!-- Generated by org.testng.reporters.JUnitReportReporter -->
<testsuite skipped="0" hostname="DESKTOP-D6E6O6F" name="jira.create.Create_issue" tests="2" failures="0" timestamp="2020-10-02T13:58:43 EET" time="62.639" errors="0">
  <testcase name="create_issue" time="46.589" classname="jira.create.Create_issue"/>
  <system-out/>
  <testcase name="view_issue" time="16.050" classname="jira.create.Create_issue"/>
  <system-out/>
</testsuite> <!-- jira.create.Create_issue -->
