<?xml version="1.0" encoding="UTF-8"?>
<!-- Generated by org.testng.reporters.JUnitReportReporter -->
<testsuite skipped="0" hostname="DESKTOP-D6E6O6F" name="jiracreate.CreateViewissue" tests="2" failures="0" timestamp="2020-10-03T10:55:00 EET" time="88.206" errors="0">
  <testcase name="create_issue" time="62.372" classname="jiracreate.CreateViewissue"/>
  <system-out/>
  <testcase name="view_issue" time="25.834" classname="jiracreate.CreateViewissue"/>
  <system-out/>
</testsuite> <!-- jiracreate.CreateViewissue -->
